Arguments: 
  /Users/mark/.config/nvm/12.18.3/bin/node /Users/mark/.config/nvm/12.18.3/bin/yarn add discordjs

PATH: 
  /Users/mark/.cabal/bin:/Users/mark/.ghcup/bin:/Users/mark/.cargo/bin:/Users/mark/.nix-profile/bin:/nix/var/nix/profiles/default/bin:/Users/mark/.config/nvm/12.18.3/bin:/Users/mark/.local/bin:/usr/local/bin:/usr/bin:/bin:/usr/sbin:/sbin:/usr/local/go/bin

Yarn version: 
  1.22.4

Node version: 
  12.18.3

Platform: 
  darwin x64

Trace: 
  Error: https://registry.yarnpkg.com/discordjs: Not found
      at Request.params.callback [as _callback] (/Users/mark/.config/nvm/12.18.3/lib/node_modules/yarn/lib/cli.js:66987:18)
      at Request.self.callback (/Users/mark/.config/nvm/12.18.3/lib/node_modules/yarn/lib/cli.js:140748:22)
      at Request.emit (events.js:315:20)
      at Request.<anonymous> (/Users/mark/.config/nvm/12.18.3/lib/node_modules/yarn/lib/cli.js:141720:10)
      at Request.emit (events.js:315:20)
      at IncomingMessage.<anonymous> (/Users/mark/.config/nvm/12.18.3/lib/node_modules/yarn/lib/cli.js:141642:12)
      at Object.onceWrapper (events.js:421:28)
      at IncomingMessage.emit (events.js:327:22)
      at endReadableNT (_stream_readable.js:1220:12)
      at processTicksAndRejections (internal/process/task_queues.js:84:21)

npm manifest: 
  {
    "name": "royo",
    "version": "1.0.0",
    "main": "index.js",
    "repository": "https://github.com/rowtype-yoga/royo.git",
    "author": "Mark Eibes",
    "license": "MIT"
  }

yarn manifest: 
  No manifest

Lockfile: 
  # THIS IS AN AUTOGENERATED FILE. DO NOT EDIT THIS FILE DIRECTLY.
  # yarn lockfile v1
